<?xml version="1.0" encoding="UTF-8"?>
<!-- Generated by org.testng.reporters.JUnitReportReporter -->
<testsuite hostname="Ashwini-Premanand" failures="0" tests="1" name="testcases.CreateLead" time="57.082" errors="0" timestamp="2023-02-04T12:36:44 IST" skipped="0">
  <testcase classname="testcases.CreateLead" name="createLeadPage" time="57.082"/>
  <system-out/>
</testsuite> <!-- testcases.CreateLead -->
